2015-03-31 15:17:13,061 - __main__ - INFO - Program Parameters: Namespace(epochs=3000, experiment_number='3', hidden_layers=[['2'], ['4'], ['2']], learning_penalty=0.5, learning_rate=0.5, learning_reward=1.05, momentum_rate=0.1, reg_term=1e-05, test_type=<type 'str'>)
2015-03-31 15:17:37,137 - __main__ - INFO - ==========Experiment Number 3==========
2015-03-31 15:17:37,137 - __main__ - INFO - Program Parameters: Namespace(epochs=3000, experiment_number='3', hidden_layers=[['2'], ['4'], ['2']], learning_penalty=0.5, learning_rate=0.5, learning_reward=1.05, momentum_rate=0.1, reg_term=1e-05, test_type=<type 'str'>)
2015-03-31 15:18:04,374 - __main__ - INFO - ==========Experiment Number 3==========
2015-03-31 15:18:04,374 - __main__ - INFO - Program Parameters: Namespace(epochs=3000, experiment_number='3', hidden_layers=[['2'], ['4'], ['2']], learning_penalty=0.5, learning_rate=0.5, learning_reward=1.05, momentum_rate=0.1, reg_term=1e-05, test_type=<type 'str'>)
2015-03-31 15:19:22,361 - __main__ - INFO - ==========Experiment Number 3==========
2015-03-31 15:19:22,362 - __main__ - INFO - Program Parameters: Namespace(epochs=3000, experiment_number='3', hidden_layers=[['2'], ['4'], ['2']], learning_penalty=0.5, learning_rate=0.5, learning_reward=1.05, momentum_rate=0.1, reg_term=1e-05, test_type=<type 'str'>)
2015-03-31 15:20:17,431 - __main__ - INFO - ==========Experiment Number 3==========
2015-03-31 15:20:17,431 - __main__ - INFO - Program Parameters: Namespace(epochs=3000, experiment_number='3', hidden_layers=[['2'], ['4'], ['2']], learning_penalty=0.5, learning_rate=0.5, learning_reward=1.05, momentum_rate=0.1, reg_term=1e-05, test_type=<type 'str'>)
2015-03-31 15:21:46,264 - __main__ - INFO - ==========Experiment Number 3==========
2015-03-31 15:21:46,265 - __main__ - INFO - Program Parameters: Namespace(epochs=3000, experiment_number='3', hidden_layers=[['2'], ['4'], ['2']], learning_penalty=0.5, learning_rate=0.5, learning_reward=1.05, momentum_rate=0.1, reg_term=1e-05, test_type=<type 'str'>)
2015-03-31 15:22:30,081 - __main__ - INFO - ==========Experiment Number 3==========
2015-03-31 15:22:30,082 - __main__ - INFO - Program Parameters: Namespace(epochs=3000, experiment_number='3', hidden_layers=[['2'], ['4'], ['2']], learning_penalty=0.5, learning_rate=0.5, learning_reward=1.05, momentum_rate=0.1, reg_term=1e-05, test_type=<type 'str'>)
2015-03-31 15:22:53,082 - __main__ - INFO - ==========Experiment Number 3==========
2015-03-31 15:22:53,082 - __main__ - INFO - Program Parameters: Namespace(epochs=3000, experiment_number='3', hidden_layers=[['2'], ['4'], ['2']], learning_penalty=0.5, learning_rate=0.5, learning_reward=1.05, momentum_rate=0.1, reg_term=1e-05, test_type=<type 'str'>)
2015-03-31 15:22:59,995 - __main__ - INFO - ==========Experiment Number 3==========
2015-03-31 15:22:59,996 - __main__ - INFO - Program Parameters: Namespace(epochs=3000, experiment_number='3', hidden_layers=[['2'], ['4'], ['2']], learning_penalty=0.5, learning_rate=0.5, learning_reward=1.05, momentum_rate=0.1, reg_term=1e-05, test_type=<type 'str'>)
2015-03-31 15:24:33,569 - __main__ - INFO - ==========Experiment Number 3==========
2015-03-31 15:24:33,569 - __main__ - INFO - Program Parameters: Namespace(epochs=3000, experiment_number='3', hidden_layers=[['2'], ['4'], ['2']], learning_penalty=0.5, learning_rate=0.5, learning_reward=1.05, momentum_rate=0.1, reg_term=1e-05, test_type=<type 'str'>)
2015-03-31 15:24:57,267 - __main__ - INFO - ==========Experiment Number 3==========
2015-03-31 15:24:57,267 - __main__ - INFO - Program Parameters: Namespace(epochs=3000, experiment_number='3', hidden_layers=[['2'], ['4'], ['2']], learning_penalty=0.5, learning_rate=0.5, learning_reward=1.05, momentum_rate=0.1, reg_term=1e-05, test_type='x')
2015-03-31 15:24:57,267 - __main__ - INFO - ====RUNNING XOR TEST====
2015-03-31 15:24:57,268 - __main__ - INFO - Training Data: X & Y
2015-03-31 15:24:57,268 - __main__ - INFO - [[ 1.  0.]
 [ 0.  1.]
 [ 1.  1.]
 [ 0.  0.]]
2015-03-31 15:24:57,268 - __main__ - INFO - [[ 1.]
 [ 1.]
 [ 0.]
 [ 0.]]
2015-03-31 15:25:15,754 - __main__ - INFO - ==========Experiment Number 3==========
2015-03-31 15:25:15,754 - __main__ - INFO - Program Parameters: Namespace(epochs=3000, experiment_number='3', hidden_layers=[['2'], ['4'], ['2']], learning_penalty=0.5, learning_rate=0.5, learning_reward=1.05, momentum_rate=0.1, reg_term=1e-05, test_type='x')
2015-03-31 15:25:15,754 - __main__ - INFO - ====RUNNING XOR TEST====
2015-03-31 15:25:15,755 - __main__ - INFO - Training Data: X & Y
2015-03-31 15:25:15,755 - __main__ - INFO - [[ 1.  0.]
 [ 0.  1.]
 [ 1.  1.]
 [ 0.  0.]]
2015-03-31 15:25:15,755 - __main__ - INFO - [[ 1.]
 [ 1.]
 [ 0.]
 [ 0.]]
2015-03-31 15:26:05,422 - __main__ - INFO - ==========Experiment Number 3==========
2015-03-31 15:26:05,422 - __main__ - INFO - Program Parameters: Namespace(epochs=3000, experiment_number='3', hidden_layers=[['2'], ['4'], ['2']], learning_penalty=0.5, learning_rate=0.5, learning_reward=1.05, momentum_rate=0.1, reg_term=1e-05, test_type='x')
2015-03-31 15:26:05,422 - __main__ - INFO - ====RUNNING XOR TEST====
2015-03-31 15:26:05,422 - __main__ - INFO - Training Data: X & Y
2015-03-31 15:26:05,423 - __main__ - INFO - [[ 1.  0.]
 [ 0.  1.]
 [ 1.  1.]
 [ 0.  0.]]
2015-03-31 15:26:05,423 - __main__ - INFO - [[ 1.]
 [ 1.]
 [ 0.]
 [ 0.]]
2015-03-31 15:30:28,759 - __main__ - INFO - ==========Experiment Number 3==========
2015-03-31 15:30:28,760 - __main__ - INFO - Program Parameters: Namespace(epochs=3000, experiment_number='3', hidden_layers=[['2'], ['4'], ['2']], learning_penalty=0.5, learning_rate=0.5, learning_reward=1.05, momentum_rate=0.1, reg_term=1e-05, test_type='x')
2015-03-31 15:30:28,760 - __main__ - INFO - ====RUNNING XOR TEST====
2015-03-31 15:30:28,760 - __main__ - INFO - Training Data: X & Y
2015-03-31 15:30:28,760 - __main__ - INFO - [[ 1.  0.]
 [ 0.  1.]
 [ 1.  1.]
 [ 0.  0.]]
2015-03-31 15:30:28,761 - __main__ - INFO - [[ 1.]
 [ 1.]
 [ 0.]
 [ 0.]]
2015-03-31 15:36:02,169 - __main__ - INFO - ==========Experiment Number 3==========
2015-03-31 15:36:02,169 - __main__ - INFO - Program Parameters: Namespace(epochs=3000, experiment_number='3', hidden_layers=[['2'], ['4'], ['2']], learning_penalty=0.5, learning_rate=0.5, learning_reward=1.05, momentum_rate=0.1, reg_term=1e-05, test_type='x')
2015-03-31 15:36:02,170 - __main__ - INFO - ====RUNNING XOR TEST====
2015-03-31 15:36:02,170 - __main__ - INFO - Training Data: X & Y
2015-03-31 15:36:02,170 - __main__ - INFO - [[ 1.  0.]
 [ 0.  1.]
 [ 1.  1.]
 [ 0.  0.]]
2015-03-31 15:36:02,171 - __main__ - INFO - [[ 1.]
 [ 1.]
 [ 0.]
 [ 0.]]
2015-03-31 15:37:39,859 - __main__ - INFO - ==========Experiment Number 3==========
2015-03-31 15:37:39,859 - __main__ - INFO - Program Parameters: Namespace(epochs=3000, experiment_number='3', hidden_layers=[['2'], ['4'], ['2']], learning_penalty=0.5, learning_rate=0.5, learning_reward=1.05, momentum_rate=0.1, reg_term=1e-05, test_type='x')
2015-03-31 15:37:48,606 - __main__ - INFO - ==========Experiment Number 3==========
2015-03-31 15:37:48,606 - __main__ - INFO - Program Parameters: Namespace(epochs=3000, experiment_number='3', hidden_layers=[['2'], ['4'], ['2']], learning_penalty=0.5, learning_rate=0.5, learning_reward=1.05, momentum_rate=0.1, reg_term=1e-05, test_type='x')
2015-03-31 15:38:16,820 - __main__ - INFO - ==========Experiment Number 3==========
2015-03-31 15:38:16,820 - __main__ - INFO - Program Parameters: Namespace(epochs=3000, experiment_number='3', hidden_layers=[['2'], ['4'], ['2']], learning_penalty=0.5, learning_rate=0.5, learning_reward=1.05, momentum_rate=0.1, reg_term=1e-05, test_type='x')
2015-03-31 15:38:16,820 - __main__ - INFO - ====RUNNING XOR TEST====
2015-03-31 15:38:16,821 - __main__ - INFO - Training Data: X & Y
2015-03-31 15:38:16,821 - __main__ - INFO - [[ 1.  0.]
 [ 0.  1.]
 [ 1.  1.]
 [ 0.  0.]]
2015-03-31 15:38:16,821 - __main__ - INFO - [[ 1.]
 [ 1.]
 [ 0.]
 [ 0.]]
2015-03-31 15:38:31,896 - __main__ - INFO - ==========Experiment Number 3==========
2015-03-31 15:38:31,897 - __main__ - INFO - Program Parameters: Namespace(epochs=3000, experiment_number='3', hidden_layers=[['2'], ['4'], ['2']], learning_penalty=0.5, learning_rate=0.5, learning_reward=1.05, momentum_rate=0.1, reg_term=1e-05, test_type='x')
2015-03-31 15:38:31,897 - __main__ - INFO - ====RUNNING XOR TEST====
2015-03-31 15:38:31,897 - __main__ - INFO - Training Data: X & Y
2015-03-31 15:38:31,897 - __main__ - INFO - [[ 1.  0.]
 [ 0.  1.]
 [ 1.  1.]
 [ 0.  0.]]
2015-03-31 15:38:31,898 - __main__ - INFO - [[ 1.]
 [ 1.]
 [ 0.]
 [ 0.]]
2015-03-31 15:40:19,251 - __main__ - INFO - ==========Experiment Number 3==========
2015-03-31 15:40:19,252 - __main__ - INFO - Program Parameters: Namespace(epochs=3000, experiment_number='3', hidden_layers=[['2'], ['4'], ['2']], learning_penalty=0.5, learning_rate=0.5, learning_reward=1.05, momentum_rate=0.1, reg_term=1e-05, test_type='x')
2015-03-31 15:40:19,252 - __main__ - INFO - ====RUNNING XOR TEST====
2015-03-31 15:40:19,252 - __main__ - INFO - Training Data: X & Y
2015-03-31 15:40:19,252 - __main__ - INFO - [[ 1.  0.]
 [ 0.  1.]
 [ 1.  1.]
 [ 0.  0.]]
2015-03-31 15:40:19,253 - __main__ - INFO - [[ 1.]
 [ 1.]
 [ 0.]
 [ 0.]]
2015-03-31 15:40:49,015 - __main__ - INFO - ==========Experiment Number 3==========
2015-03-31 15:40:49,015 - __main__ - INFO - Program Parameters: Namespace(epochs=3000, experiment_number='3', hidden_layers=[['2'], ['4'], ['2']], learning_penalty=0.5, learning_rate=0.5, learning_reward=1.05, momentum_rate=0.1, reg_term=1e-05, test_type='x')
2015-03-31 15:40:49,015 - __main__ - INFO - ====RUNNING XOR TEST====
2015-03-31 15:40:49,015 - __main__ - INFO - Training Data: X & Y
2015-03-31 15:40:49,015 - __main__ - INFO - [[ 1.  0.]
 [ 0.  1.]
 [ 1.  1.]
 [ 0.  0.]]
2015-03-31 15:40:49,016 - __main__ - INFO - [[ 1.]
 [ 1.]
 [ 0.]
 [ 0.]]
2015-03-31 15:41:13,521 - __main__ - INFO - ==========Experiment Number 3==========
2015-03-31 15:41:13,522 - __main__ - INFO - Program Parameters: Namespace(epochs=3000, experiment_number='3', hidden_layers=[['2'], ['4'], ['2']], learning_penalty=0.5, learning_rate=0.5, learning_reward=1.05, momentum_rate=0.1, reg_term=1e-05, test_type='x')
2015-03-31 15:41:13,522 - __main__ - INFO - ====RUNNING XOR TEST====
2015-03-31 15:41:13,522 - __main__ - INFO - Training Data: X & Y
2015-03-31 15:41:13,522 - __main__ - INFO - [[ 1.  0.]
 [ 0.  1.]
 [ 1.  1.]
 [ 0.  0.]]
2015-03-31 15:41:13,523 - __main__ - INFO - [[ 1.]
 [ 1.]
 [ 0.]
 [ 0.]]
2015-03-31 17:18:28,744 - __main__ - INFO - ==========Experiment Number 3==========
2015-03-31 17:18:28,744 - __main__ - INFO - Program Parameters: Namespace(epochs=3000, experiment_number='3', hidden_layers=[['2'], ['4'], ['2']], learning_penalty=0.5, learning_rate=0.5, learning_reward=1.05, momentum_rate=0.1, reg_term=1e-05, test_type='x')
2015-03-31 17:18:28,744 - __main__ - INFO - ====RUNNING XOR TEST====
2015-03-31 17:18:28,744 - __main__ - INFO - Training Data: X & Y
2015-03-31 17:18:28,744 - __main__ - INFO - [[ 1.  0.]
 [ 0.  1.]
 [ 1.  1.]
 [ 0.  0.]]
2015-03-31 17:18:28,745 - __main__ - INFO - [[ 1.]
 [ 1.]
 [ 0.]
 [ 0.]]
2015-03-31 18:01:31,121 - __main__ - INFO - ==========Experiment Number 3==========
2015-03-31 18:01:31,122 - __main__ - INFO - Program Parameters: Namespace(epochs=3000, experiment_number='3', hidden_layers=[['2'], ['4'], ['2']], learning_penalty=0.5, learning_rate=0.5, learning_reward=1.05, momentum_rate=0.1, reg_term=1e-05, test_type='x')
2015-03-31 18:01:31,122 - __main__ - INFO - ====RUNNING XOR TEST====
2015-03-31 18:01:31,122 - __main__ - INFO - Training Data: X & Y
2015-03-31 18:01:31,122 - __main__ - INFO - [[ 1.  0.]
 [ 0.  1.]
 [ 1.  1.]
 [ 0.  0.]]
2015-03-31 18:01:31,123 - __main__ - INFO - [[ 1.]
 [ 1.]
 [ 0.]
 [ 0.]]
2015-03-31 18:03:59,778 - __main__ - INFO - ==========Experiment Number 3==========
2015-03-31 18:03:59,778 - __main__ - INFO - Program Parameters: Namespace(epochs=3000, experiment_number='3', hidden_layers=[['2'], ['4'], ['2']], learning_penalty=0.5, learning_rate=0.5, learning_reward=1.05, momentum_rate=0.1, reg_term=1e-05, test_type='x')
2015-03-31 18:03:59,778 - __main__ - INFO - ====RUNNING XOR TEST====
2015-03-31 18:03:59,778 - __main__ - INFO - Training Data: X & Y
2015-03-31 18:03:59,778 - __main__ - INFO - [[ 1.  0.]
 [ 0.  1.]
 [ 1.  1.]
 [ 0.  0.]]
2015-03-31 18:03:59,779 - __main__ - INFO - [[ 1.]
 [ 1.]
 [ 0.]
 [ 0.]]
2015-03-31 18:05:52,981 - __main__ - INFO - ==========Experiment Number 3==========
2015-03-31 18:05:52,981 - __main__ - INFO - Program Parameters: Namespace(epochs=3000, experiment_number='3', hidden_layers=[['2'], ['4'], ['2']], learning_penalty=0.5, learning_rate=0.5, learning_reward=1.05, momentum_rate=0.1, reg_term=1e-05, test_type='x')
2015-03-31 18:05:52,981 - __main__ - INFO - ====RUNNING XOR TEST====
2015-03-31 18:05:52,981 - __main__ - INFO - Training Data: X & Y
2015-03-31 18:05:52,981 - __main__ - INFO - [[ 1.  0.]
 [ 0.  1.]
 [ 1.  1.]
 [ 0.  0.]]
2015-03-31 18:05:52,982 - __main__ - INFO - [[ 1.]
 [ 1.]
 [ 0.]
 [ 0.]]
2015-03-31 18:07:15,270 - __main__ - INFO - ==========Experiment Number 3==========
2015-03-31 18:07:15,270 - __main__ - INFO - Program Parameters: Namespace(epochs=3000, experiment_number='3', hidden_layers=[['2'], ['4'], ['2']], learning_penalty=0.5, learning_rate=0.5, learning_reward=1.05, momentum_rate=0.1, reg_term=1e-05, test_type='x')
2015-03-31 18:07:15,270 - __main__ - INFO - ====RUNNING XOR TEST====
2015-03-31 18:07:15,271 - __main__ - INFO - Training Data: X & Y
2015-03-31 18:07:15,271 - __main__ - INFO - [[ 1.  0.]
 [ 0.  1.]
 [ 1.  1.]
 [ 0.  0.]]
2015-03-31 18:07:15,271 - __main__ - INFO - [[ 1.]
 [ 1.]
 [ 0.]
 [ 0.]]
2015-03-31 18:09:00,466 - __main__ - INFO - ==========Experiment Number 3==========
2015-03-31 18:09:00,466 - __main__ - INFO - Program Parameters: Namespace(epochs=3000, experiment_number='3', hidden_layers=[['2'], ['4'], ['2']], learning_penalty=0.5, learning_rate=0.5, learning_reward=1.05, momentum_rate=0.1, reg_term=1e-05, test_type='x')
2015-03-31 18:09:00,467 - __main__ - INFO - ====RUNNING XOR TEST====
2015-03-31 18:09:00,467 - __main__ - INFO - Training Data: X & Y
2015-03-31 18:09:00,467 - __main__ - INFO - [[ 1.  0.]
 [ 0.  1.]
 [ 1.  1.]
 [ 0.  0.]]
2015-03-31 18:09:00,468 - __main__ - INFO - [[ 1.]
 [ 1.]
 [ 0.]
 [ 0.]]
2015-03-31 18:09:13,935 - __main__ - INFO - ==========Experiment Number 3==========
2015-03-31 18:09:13,935 - __main__ - INFO - Program Parameters: Namespace(epochs=3000, experiment_number='3', hidden_layers=[['2'], ['4'], ['2']], learning_penalty=0.5, learning_rate=0.5, learning_reward=1.05, momentum_rate=0.1, reg_term=1e-05, test_type='x')
2015-03-31 18:09:13,935 - __main__ - INFO - ====RUNNING XOR TEST====
2015-03-31 18:09:13,935 - __main__ - INFO - Training Data: X & Y
2015-03-31 18:09:13,935 - __main__ - INFO - [[ 1.  0.]
 [ 0.  1.]
 [ 1.  1.]
 [ 0.  0.]]
2015-03-31 18:09:13,936 - __main__ - INFO - [[ 1.]
 [ 1.]
 [ 0.]
 [ 0.]]
2015-03-31 18:09:30,425 - __main__ - INFO - ==========Experiment Number 3==========
2015-03-31 18:09:30,425 - __main__ - INFO - Program Parameters: Namespace(epochs=3000, experiment_number='3', hidden_layers=[['2'], ['4'], ['2']], learning_penalty=0.5, learning_rate=0.5, learning_reward=1.05, momentum_rate=0.1, reg_term=1e-05, test_type='x')
2015-03-31 18:09:30,425 - __main__ - INFO - ====RUNNING XOR TEST====
2015-03-31 18:09:30,425 - __main__ - INFO - Training Data: X & Y
2015-03-31 18:09:30,425 - __main__ - INFO - [[ 1.  0.]
 [ 0.  1.]
 [ 1.  1.]
 [ 0.  0.]]
2015-03-31 18:09:30,426 - __main__ - INFO - [[ 1.]
 [ 1.]
 [ 0.]
 [ 0.]]
2015-03-31 18:10:08,266 - __main__ - INFO - ==========Experiment Number 3==========
2015-03-31 18:10:08,267 - __main__ - INFO - Program Parameters: Namespace(epochs=3000, experiment_number='3', hidden_layers=[['2'], ['4'], ['2']], learning_penalty=0.5, learning_rate=0.5, learning_reward=1.05, momentum_rate=0.1, reg_term=1e-05, test_type='x')
2015-03-31 18:10:08,267 - __main__ - INFO - ====RUNNING XOR TEST====
2015-03-31 18:10:08,267 - __main__ - INFO - Training Data: X & Y
2015-03-31 18:10:08,267 - __main__ - INFO - [[ 1.  0.]
 [ 0.  1.]
 [ 1.  1.]
 [ 0.  0.]]
2015-03-31 18:10:08,268 - __main__ - INFO - [[ 1.]
 [ 1.]
 [ 0.]
 [ 0.]]
2015-03-31 18:10:49,588 - __main__ - INFO - ==========Experiment Number 3==========
2015-03-31 18:10:49,589 - __main__ - INFO - Program Parameters: Namespace(epochs=3000, experiment_number='3', hidden_layers=[['2'], ['4'], ['2']], learning_penalty=0.5, learning_rate=0.5, learning_reward=1.05, momentum_rate=0.1, reg_term=1e-05, test_type='x')
2015-03-31 18:10:49,589 - __main__ - INFO - ====RUNNING XOR TEST====
2015-03-31 18:10:49,589 - __main__ - INFO - Training Data: X & Y
2015-03-31 18:10:49,589 - __main__ - INFO - [[ 1.  0.]
 [ 0.  1.]
 [ 1.  1.]
 [ 0.  0.]]
2015-03-31 18:10:49,590 - __main__ - INFO - [[ 1.]
 [ 1.]
 [ 0.]
 [ 0.]]
2015-03-31 18:13:46,481 - __main__ - INFO - ==========Experiment Number 3==========
2015-03-31 18:13:46,481 - __main__ - INFO - Program Parameters: Namespace(epochs=3000, experiment_number='3', hidden_layers=[['2'], ['4'], ['2']], learning_penalty=0.5, learning_rate=0.5, learning_reward=1.05, momentum_rate=0.1, reg_term=1e-05, test_type='x')
2015-03-31 18:13:46,481 - __main__ - INFO - ====RUNNING XOR TEST====
2015-03-31 18:13:46,481 - __main__ - INFO - Training Data: X & Y
2015-03-31 18:13:46,482 - __main__ - INFO - [[ 1.  0.]
 [ 0.  1.]
 [ 1.  1.]
 [ 0.  0.]]
2015-03-31 18:13:46,482 - __main__ - INFO - [[ 1.]
 [ 1.]
 [ 0.]
 [ 0.]]
2015-03-31 18:15:00,694 - __main__ - INFO - ==========Experiment Number 3==========
2015-03-31 18:15:00,694 - __main__ - INFO - Program Parameters: Namespace(epochs=3000, experiment_number='3', hidden_layers=[['2'], ['4'], ['2']], learning_penalty=0.5, learning_rate=0.5, learning_reward=1.05, momentum_rate=0.1, reg_term=1e-05, test_type='x')
2015-03-31 18:15:00,694 - __main__ - INFO - ====RUNNING XOR TEST====
2015-03-31 18:15:00,695 - __main__ - INFO - Training Data: X & Y
2015-03-31 18:15:00,695 - __main__ - INFO - [[ 1.  0.]
 [ 0.  1.]
 [ 1.  1.]
 [ 0.  0.]]
2015-03-31 18:15:00,695 - __main__ - INFO - [[ 1.]
 [ 1.]
 [ 0.]
 [ 0.]]
2015-03-31 18:15:20,635 - __main__ - INFO - ==========Experiment Number 3==========
2015-03-31 18:15:20,635 - __main__ - INFO - Program Parameters: Namespace(epochs=3000, experiment_number='3', hidden_layers=[['2'], ['4'], ['2']], learning_penalty=0.5, learning_rate=0.5, learning_reward=1.05, momentum_rate=0.1, reg_term=1e-05, test_type='x')
2015-03-31 18:15:20,635 - __main__ - INFO - ====RUNNING XOR TEST====
2015-03-31 18:15:20,635 - __main__ - INFO - Training Data: X & Y
2015-03-31 18:15:20,635 - __main__ - INFO - [[ 1.  0.]
 [ 0.  1.]
 [ 1.  1.]
 [ 0.  0.]]
2015-03-31 18:15:20,636 - __main__ - INFO - [[ 1.]
 [ 1.]
 [ 0.]
 [ 0.]]
2015-03-31 18:16:19,274 - __main__ - INFO - ==========Experiment Number 3==========
2015-03-31 18:16:19,274 - __main__ - INFO - Program Parameters: Namespace(epochs=3000, experiment_number='3', hidden_layers=[['2'], ['4'], ['2']], learning_penalty=0.5, learning_rate=0.5, learning_reward=1.05, momentum_rate=0.1, reg_term=1e-05, test_type='x')
2015-03-31 18:16:19,274 - __main__ - INFO - ====RUNNING XOR TEST====
2015-03-31 18:16:19,275 - __main__ - INFO - Training Data: X & Y
2015-03-31 18:16:19,275 - __main__ - INFO - [[ 1.  0.]
 [ 0.  1.]
 [ 1.  1.]
 [ 0.  0.]]
2015-03-31 18:16:19,276 - __main__ - INFO - [[ 1.]
 [ 1.]
 [ 0.]
 [ 0.]]
2015-03-31 18:16:19,791 - __main__ - INFO - Theta: 0
2015-03-31 18:16:19,792 - __main__ - INFO - [[ 2.11 -3.81  3.96]
 [-2.94 -4.52  4.62]]
2015-03-31 18:16:19,792 - __main__ - INFO - Theta: 1
2015-03-31 18:16:19,792 - __main__ - INFO - [[ 1.05 -2.39  1.88]
 [ 0.58  0.74 -1.79]
 [-1.42  3.27 -3.51]
 [ 1.86 -3.93  3.88]]
2015-03-31 18:16:19,793 - __main__ - INFO - Theta: 2
2015-03-31 18:16:19,793 - __main__ - INFO - [[-0.45  2.41 -1.56 -2.94  4.12]
 [-0.25 -2.16  1.39  4.68 -4.68]]
2015-03-31 18:16:19,794 - __main__ - INFO - Theta: 3
2015-03-31 18:16:19,794 - __main__ - INFO - [[  1.32   7.95 -10.61]]
2015-03-31 18:16:19,796 - __main__ - INFO - Given X:
2015-03-31 18:16:19,796 - __main__ - INFO - [[1 0]
 [0 1]
 [1 1]
 [0 0]]
2015-03-31 18:16:19,796 - __main__ - INFO - Actual Y, Predicted Y:
2015-03-31 18:16:19,796 - __main__ - INFO - (array([1]), array([ 1.]))
2015-03-31 18:16:19,797 - __main__ - INFO - (array([1]), array([ 1.]))
2015-03-31 18:16:19,798 - __main__ - INFO - (array([0]), array([ 0.]))
2015-03-31 18:16:19,799 - __main__ - INFO - (array([0]), array([ 0.]))
2015-03-31 18:16:19,799 - __main__ - INFO - 

2015-03-31 18:16:19,799 - __main__ - INFO - CE on Test Set
2015-03-31 18:16:19,799 - __main__ - INFO - 0.000259876780211
2015-03-31 18:22:04,849 - __main__ - INFO - ==========Experiment Number 3==========
2015-03-31 18:22:04,849 - __main__ - INFO - Program Parameters: Namespace(epochs=3000, experiment_number='3', hidden_layers=[['2'], ['4'], ['2']], learning_penalty=0.5, learning_rate=0.5, learning_reward=1.05, momentum_rate=0.1, reg_term=1e-05, test_type='x')
2015-03-31 18:22:04,849 - __main__ - INFO - ====RUNNING XOR TEST====
2015-03-31 18:22:04,849 - __main__ - INFO - Training Data: X & Y
2015-03-31 18:22:04,849 - __main__ - INFO - [[ 1.  0.]
 [ 0.  1.]
 [ 1.  1.]
 [ 0.  0.]]
2015-03-31 18:22:04,850 - __main__ - INFO - [[ 1.]
 [ 1.]
 [ 0.]
 [ 0.]]
2015-03-31 18:22:05,369 - __main__ - INFO - Theta: 0
2015-03-31 18:22:05,369 - __main__ - INFO - [[-0.67  4.94  8.71]
 [-1.04  0.96 -7.31]]
2015-03-31 18:22:05,370 - __main__ - INFO - Theta: 1
2015-03-31 18:22:05,370 - __main__ - INFO - [[-2.78  3.06  2.1 ]
 [ 0.96 -1.2  -1.39]
 [ 1.85 -2.85 -1.04]
 [-2.33  1.48  3.09]]
2015-03-31 18:22:05,371 - __main__ - INFO - Theta: 2
2015-03-31 18:22:05,371 - __main__ - INFO - [[ 1.68 -3.2   1.98  2.85 -3.66]
 [-0.41  3.35 -1.83 -3.05  1.65]]
2015-03-31 18:22:05,371 - __main__ - INFO - Theta: 3
2015-03-31 18:22:05,371 - __main__ - INFO - [[ 0.64 -7.53  6.48]]
2015-03-31 18:22:05,372 - __main__ - INFO - i: 2999 - cost:      0
2015-03-31 18:22:05,372 - __main__ - INFO - i: 2999 - cost test: 0
2015-03-31 18:22:05,372 - __main__ - INFO - Given X:
2015-03-31 18:22:05,372 - __main__ - INFO - [[1 0]
 [0 1]
 [1 1]
 [0 0]]
2015-03-31 18:22:05,373 - __main__ - INFO - Actual Y, Predicted Y:
2015-03-31 18:22:05,373 - __main__ - INFO - (array([1]), array([ 0.996]))
2015-03-31 18:22:05,374 - __main__ - INFO - (array([1]), array([ 0.499]))
2015-03-31 18:22:05,374 - __main__ - INFO - (array([0]), array([ 0.502]))
2015-03-31 18:22:05,375 - __main__ - INFO - (array([0]), array([ 0.003]))
2015-03-31 18:22:05,376 - __main__ - INFO - 

2015-03-31 18:22:05,376 - __main__ - INFO - CE on Test Set
2015-03-31 18:22:05,376 - __main__ - INFO - 0.34972387971
2015-03-31 18:22:15,805 - __main__ - INFO - ==========Experiment Number 3==========
2015-03-31 18:22:15,805 - __main__ - INFO - Program Parameters: Namespace(epochs=3000, experiment_number='3', hidden_layers=[['2'], ['4'], ['2']], learning_penalty=0.5, learning_rate=0.5, learning_reward=1.05, momentum_rate=0.1, reg_term=1e-05, test_type='x')
2015-03-31 18:22:15,805 - __main__ - INFO - ====RUNNING XOR TEST====
2015-03-31 18:22:15,805 - __main__ - INFO - Training Data: X & Y
2015-03-31 18:22:15,806 - __main__ - INFO - [[ 1.  0.]
 [ 0.  1.]
 [ 1.  1.]
 [ 0.  0.]]
2015-03-31 18:22:15,806 - __main__ - INFO - [[ 1.]
 [ 1.]
 [ 0.]
 [ 0.]]
2015-03-31 18:22:16,358 - __main__ - INFO - Theta: 0
2015-03-31 18:22:16,359 - __main__ - INFO - [[-3.19  4.82 -4.54]
 [ 2.09  3.86 -3.7 ]]
2015-03-31 18:22:16,359 - __main__ - INFO - Theta: 1
2015-03-31 18:22:16,359 - __main__ - INFO - [[ 0.3   0.75  0.06]
 [-1.36 -2.2   2.66]
 [ 1.52  3.86 -3.38]
 [-1.81 -3.52  3.6 ]]
2015-03-31 18:22:16,360 - __main__ - INFO - Theta: 2
2015-03-31 18:22:16,360 - __main__ - INFO - [[-0.95 -1.03  3.26 -4.61  4.22]
 [ 1.05 -0.36 -1.78  3.92 -3.61]]
2015-03-31 18:22:16,361 - __main__ - INFO - Theta: 3
2015-03-31 18:22:16,361 - __main__ - INFO - [[  1.8  -11.17   7.67]]
2015-03-31 18:22:16,362 - __main__ - INFO - i: 2999 - cost:      0
2015-03-31 18:22:16,362 - __main__ - INFO - i: 2999 - cost test: 0
2015-03-31 18:22:16,362 - __main__ - INFO - Given X:
2015-03-31 18:22:16,362 - __main__ - INFO - [[1 0]
 [0 1]
 [1 1]
 [0 0]]
2015-03-31 18:22:16,363 - __main__ - INFO - Actual Y, Predicted Y:
2015-03-31 18:22:16,363 - __main__ - INFO - (array([1]), array([ 1.]))
2015-03-31 18:22:16,364 - __main__ - INFO - (array([1]), array([ 1.]))
2015-03-31 18:22:16,364 - __main__ - INFO - (array([0]), array([ 0.]))
2015-03-31 18:22:16,365 - __main__ - INFO - (array([0]), array([ 0.]))
2015-03-31 18:22:16,366 - __main__ - INFO - 

2015-03-31 18:22:16,366 - __main__ - INFO - CE on Test Set
2015-03-31 18:22:16,366 - __main__ - INFO - 0.000248151417679
2015-03-31 18:22:18,282 - __main__ - INFO - ==========Experiment Number 3==========
2015-03-31 18:22:18,282 - __main__ - INFO - Program Parameters: Namespace(epochs=3000, experiment_number='3', hidden_layers=[['2'], ['4'], ['2']], learning_penalty=0.5, learning_rate=0.5, learning_reward=1.05, momentum_rate=0.1, reg_term=1e-05, test_type='x')
2015-03-31 18:22:18,282 - __main__ - INFO - ====RUNNING XOR TEST====
2015-03-31 18:22:18,282 - __main__ - INFO - Training Data: X & Y
2015-03-31 18:22:18,282 - __main__ - INFO - [[ 1.  0.]
 [ 0.  1.]
 [ 1.  1.]
 [ 0.  0.]]
2015-03-31 18:22:18,283 - __main__ - INFO - [[ 1.]
 [ 1.]
 [ 0.]
 [ 0.]]
2015-03-31 18:22:18,843 - __main__ - INFO - Theta: 0
2015-03-31 18:22:18,843 - __main__ - INFO - [[ 2.13 -4.18  4.37]
 [ 2.9  -4.78  5.13]]
2015-03-31 18:22:18,844 - __main__ - INFO - Theta: 1
2015-03-31 18:22:18,844 - __main__ - INFO - [[-2.9   3.97  4.77]
 [ 0.4   0.88 -0.87]
 [ 2.19 -3.85 -3.7 ]
 [ 0.34  0.95  2.22]]
2015-03-31 18:22:18,844 - __main__ - INFO - Theta: 2
2015-03-31 18:22:18,845 - __main__ - INFO - [[-0.67  5.   -0.13 -3.2   0.89]
 [-0.37  5.1  -1.23 -4.14  1.63]]
2015-03-31 18:22:18,845 - __main__ - INFO - Theta: 3
2015-03-31 18:22:18,845 - __main__ - INFO - [[ 7.9  -3.6  -5.04]]
2015-03-31 18:22:18,846 - __main__ - INFO - i: 2999 - cost:      0
2015-03-31 18:22:18,846 - __main__ - INFO - i: 2999 - cost test: 0
2015-03-31 18:22:18,846 - __main__ - INFO - Given X:
2015-03-31 18:22:18,846 - __main__ - INFO - [[1 0]
 [0 1]
 [1 1]
 [0 0]]
2015-03-31 18:22:18,847 - __main__ - INFO - Actual Y, Predicted Y:
2015-03-31 18:22:18,847 - __main__ - INFO - (array([1]), array([ 0.999]))
2015-03-31 18:22:18,848 - __main__ - INFO - (array([1]), array([ 0.333]))
2015-03-31 18:22:18,849 - __main__ - INFO - (array([0]), array([ 0.334]))
2015-03-31 18:22:18,849 - __main__ - INFO - (array([0]), array([ 0.334]))
2015-03-31 18:22:18,850 - __main__ - INFO - 

2015-03-31 18:22:18,850 - __main__ - INFO - CE on Test Set
2015-03-31 18:22:18,850 - __main__ - INFO - 0.477766909454
2015-03-31 18:22:21,071 - __main__ - INFO - ==========Experiment Number 3==========
2015-03-31 18:22:21,071 - __main__ - INFO - Program Parameters: Namespace(epochs=3000, experiment_number='3', hidden_layers=[['2'], ['4'], ['2']], learning_penalty=0.5, learning_rate=0.5, learning_reward=1.05, momentum_rate=0.1, reg_term=1e-05, test_type='x')
2015-03-31 18:22:21,071 - __main__ - INFO - ====RUNNING XOR TEST====
2015-03-31 18:22:21,071 - __main__ - INFO - Training Data: X & Y
2015-03-31 18:22:21,071 - __main__ - INFO - [[ 1.  0.]
 [ 0.  1.]
 [ 1.  1.]
 [ 0.  0.]]
2015-03-31 18:22:21,072 - __main__ - INFO - [[ 1.]
 [ 1.]
 [ 0.]
 [ 0.]]
2015-03-31 18:22:21,635 - __main__ - INFO - Theta: 0
2015-03-31 18:22:21,636 - __main__ - INFO - [[ 2.11  3.85 -3.79]
 [-2.88  4.61 -4.84]]
2015-03-31 18:22:21,636 - __main__ - INFO - Theta: 1
2015-03-31 18:22:21,636 - __main__ - INFO - [[-0.31 -0.91  0.1 ]
 [-1.36  2.91 -2.98]
 [ 2.09 -4.34  4.55]
 [-0.77  1.84 -1.95]]
2015-03-31 18:22:21,637 - __main__ - INFO - Theta: 2
2015-03-31 18:22:21,637 - __main__ - INFO - [[-0.04  0.69 -4.07  6.36 -2.19]
 [ 0.08 -0.56  2.02 -3.96  1.83]]
2015-03-31 18:22:21,638 - __main__ - INFO - Theta: 3
2015-03-31 18:22:21,638 - __main__ - INFO - [[ -3.1   12.37  -6.32]]
2015-03-31 18:22:21,639 - __main__ - INFO - i: 2999 - cost:      0
2015-03-31 18:22:21,639 - __main__ - INFO - i: 2999 - cost test: 0
2015-03-31 18:22:21,639 - __main__ - INFO - Given X:
2015-03-31 18:22:21,639 - __main__ - INFO - [[1 0]
 [0 1]
 [1 1]
 [0 0]]
2015-03-31 18:22:21,640 - __main__ - INFO - Actual Y, Predicted Y:
2015-03-31 18:22:21,640 - __main__ - INFO - (array([1]), array([ 1.]))
2015-03-31 18:22:21,641 - __main__ - INFO - (array([1]), array([ 1.]))
2015-03-31 18:22:21,641 - __main__ - INFO - (array([0]), array([ 0.]))
2015-03-31 18:22:21,642 - __main__ - INFO - (array([0]), array([ 0.]))
2015-03-31 18:22:21,643 - __main__ - INFO - 

2015-03-31 18:22:21,643 - __main__ - INFO - CE on Test Set
2015-03-31 18:22:21,643 - __main__ - INFO - 0.000266775300392
2015-03-31 18:22:23,231 - __main__ - INFO - ==========Experiment Number 3==========
2015-03-31 18:22:23,231 - __main__ - INFO - Program Parameters: Namespace(epochs=3000, experiment_number='3', hidden_layers=[['2'], ['4'], ['2']], learning_penalty=0.5, learning_rate=0.5, learning_reward=1.05, momentum_rate=0.1, reg_term=1e-05, test_type='x')
2015-03-31 18:22:23,231 - __main__ - INFO - ====RUNNING XOR TEST====
2015-03-31 18:22:23,231 - __main__ - INFO - Training Data: X & Y
2015-03-31 18:22:23,231 - __main__ - INFO - [[ 1.  0.]
 [ 0.  1.]
 [ 1.  1.]
 [ 0.  0.]]
2015-03-31 18:22:23,232 - __main__ - INFO - [[ 1.]
 [ 1.]
 [ 0.]
 [ 0.]]
2015-03-31 18:22:23,770 - __main__ - INFO - Theta: 0
2015-03-31 18:22:23,770 - __main__ - INFO - [[ 1.85  3.96 -3.84]
 [ 2.17 -4.17  4.12]]
2015-03-31 18:22:23,770 - __main__ - INFO - Theta: 1
2015-03-31 18:22:23,771 - __main__ - INFO - [[ 1.92 -5.9   0.65]
 [ 1.71 -1.27 -1.77]
 [-1.15  1.6   0.93]
 [-0.44  3.12 -5.92]]
2015-03-31 18:22:23,771 - __main__ - INFO - Theta: 2
2015-03-31 18:22:23,771 - __main__ - INFO - [[ 2.5  -5.65 -2.23  1.77 -5.57]
 [-1.44  4.24  1.49 -1.83  4.12]]
2015-03-31 18:22:23,772 - __main__ - INFO - Theta: 3
2015-03-31 18:22:23,772 - __main__ - INFO - [[  1.81 -11.85   8.21]]
2015-03-31 18:22:23,773 - __main__ - INFO - i: 2999 - cost:      0
2015-03-31 18:22:23,773 - __main__ - INFO - i: 2999 - cost test: 0
2015-03-31 18:22:23,773 - __main__ - INFO - Given X:
2015-03-31 18:22:23,773 - __main__ - INFO - [[1 0]
 [0 1]
 [1 1]
 [0 0]]
2015-03-31 18:22:23,774 - __main__ - INFO - Actual Y, Predicted Y:
2015-03-31 18:22:23,774 - __main__ - INFO - (array([1]), array([ 1.]))
2015-03-31 18:22:23,775 - __main__ - INFO - (array([1]), array([ 1.]))
2015-03-31 18:22:23,775 - __main__ - INFO - (array([0]), array([ 0.]))
2015-03-31 18:22:23,776 - __main__ - INFO - (array([0]), array([ 0.]))
2015-03-31 18:22:23,777 - __main__ - INFO - 

2015-03-31 18:22:23,777 - __main__ - INFO - CE on Test Set
2015-03-31 18:22:23,777 - __main__ - INFO - 0.000284580588604
INFO:__main__:==========Experiment Number 3==========
INFO:__main__:Program Parameters: Namespace(epochs=3000, experiment_number='3', hidden_layers=[['2'], ['4'], ['2']], learning_penalty=0.5, learning_rate=0.5, learning_reward=1.05, momentum_rate=0.1, reg_term=1e-05, test_type='x')
INFO:__main__:====RUNNING XOR TEST====
INFO:__main__:Training Data: X & Y
INFO:__main__:[[ 1.  0.]
 [ 0.  1.]
 [ 1.  1.]
 [ 0.  0.]]
INFO:__main__:[[ 1.]
 [ 1.]
 [ 0.]
 [ 0.]]
INFO:__main__:Theta: 0
INFO:__main__:[[-1.84  4.09  4.1 ]
 [ 5.43 -3.6  -3.6 ]]
INFO:__main__:Theta: 1
INFO:__main__:[[ 3.02 -3.7  -1.18]
 [ 0.97 -2.48 -0.01]
 [-1.04 -2.19  7.11]
 [ 0.05  3.88 -1.57]]
INFO:__main__:Theta: 2
INFO:__main__:[[ 3.07  3.06  1.88 -3.85 -2.66]
 [-3.03 -4.96 -2.62  6.19  1.47]]
INFO:__main__:Theta: 3
INFO:__main__:[[ -2.68  -7.92  12.7 ]]
INFO:__main__:i: 2999 - cost:      0
INFO:__main__:i: 2999 - cost test: 0
INFO:__main__:Given X:
INFO:__main__:[[1 0]
 [0 1]
 [1 1]
 [0 0]]
INFO:__main__:Actual Y, Predicted Y:
INFO:__main__:(array([1]), array([ 1.]))
INFO:__main__:(array([1]), array([ 1.]))
INFO:__main__:(array([0]), array([ 0.]))
INFO:__main__:(array([0]), array([ 0.]))
INFO:__main__:

INFO:__main__:CE on Test Set
INFO:__main__:0.000255561442376
INFO: __main__: ==========Experiment Number 3==========
INFO: __main__: Program Parameters: Namespace(epochs=3000, experiment_number='3', hidden_layers=[['2'], ['4'], ['2']], learning_penalty=0.5, learning_rate=0.5, learning_reward=1.05, momentum_rate=0.1, reg_term=1e-05, test_type='x')
INFO: __main__: ====RUNNING XOR TEST====
INFO: __main__: Training Data: X & Y
INFO: __main__: [[ 1.  0.]
 [ 0.  1.]
 [ 1.  1.]
 [ 0.  0.]]
INFO: __main__: [[ 1.]
 [ 1.]
 [ 0.]
 [ 0.]]
INFO: __main__: Theta: 0
INFO: __main__: [[ 5.05 -3.48 -3.48]
 [-2.79  4.17  4.18]]
INFO: __main__: Theta: 1
INFO: __main__: [[ 0.43 -6.12  2.4 ]
 [-0.59  2.35 -0.23]
 [-0.4  -1.18  4.31]
 [-0.86  3.34 -5.95]]
INFO: __main__: Theta: 2
INFO: __main__: [[-0.66  7.99 -2.19 -1.96  4.49]
 [-1.25 -1.34 -0.33 -3.74  5.07]]
INFO: __main__: Theta: 3
INFO: __main__: [[  8.11 -15.57  -6.34]]
INFO: __main__: i: 2999 - cost:      0
INFO: __main__: i: 2999 - cost test: 0
INFO: __main__: Given X:
INFO: __main__: [[1 0]
 [0 1]
 [1 1]
 [0 0]]
INFO: __main__: Actual Y, Predicted Y:
INFO: __main__: (array([1]), array([ 0.999]))
INFO: __main__: (array([1]), array([ 0.999]))
INFO: __main__: (array([0]), array([ 0.001]))
INFO: __main__: (array([0]), array([ 0.]))
INFO: __main__: 

INFO: __main__: CE on Test Set
INFO: __main__: 0.000504090772954
INFO: __main__: ==========Experiment Number 3==========
INFO: __main__: Program Parameters: Namespace(epochs=3000, experiment_number='3', hidden_layers=[['2'], ['4'], ['2']], learning_penalty=0.5, learning_rate=0.5, learning_reward=1.05, momentum_rate=0.1, reg_term=1e-05, test_type='x')
INFO: __main__: ====RUNNING XOR TEST====
INFO: __main__: Training Data: X & Y
INFO: __main__: [[ 1.  0.]
 [ 0.  1.]
 [ 1.  1.]
 [ 0.  0.]]
INFO: __main__: [[ 1.]
 [ 1.]
 [ 0.]
 [ 0.]]
INFO: __main__: Theta: 0
INFO: __main__: [[-2.26  3.92 -4.07]
 [-3.   -4.88  4.84]]
INFO: __main__: Theta: 1
INFO: __main__: [[ 1.16 -1.52 -3.  ]
 [-0.81  1.34  1.69]
 [ 1.4  -3.21 -2.65]
 [-2.16  4.69  4.  ]]
INFO: __main__: Theta: 2
INFO: __main__: [[ 0.27  1.76 -1.36  2.17 -3.2 ]
 [-0.24 -2.98  1.57 -4.17  6.19]]
INFO: __main__: Theta: 3
INFO: __main__: [[ -3.11  -5.59  11.8 ]]
INFO: __main__: i: 2999 - cost:      0
INFO: __main__: i: 2999 - cost test: 0
INFO: __main__: Given X:
INFO: __main__: [[1 0]
 [0 1]
 [1 1]
 [0 0]]
INFO: __main__: Actual Y, Predicted Y:
INFO: __main__: (array([1]), array([ 1.]))
INFO: __main__: (array([1]), array([ 1.]))
INFO: __main__: (array([0]), array([ 0.]))
INFO: __main__: (array([0]), array([ 0.]))
INFO: __main__: CE on Test Set
INFO: __main__: 0.00041220631592
INFO: __main__: ==========Experiment Number 3==========
INFO: __main__: Program Parameters: Namespace(epochs=3000, experiment_number='3', hidden_layers=[['2'], ['4'], ['2']], learning_penalty=0.5, learning_rate=0.5, learning_reward=1.05, momentum_rate=0.1, reg_term=1e-05, test_type='x')
INFO: __main__: ====RUNNING XOR TEST====
INFO: __main__: Training Data: X & Y
INFO: __main__: [[ 1.  0.]
 [ 0.  1.]
 [ 1.  1.]
 [ 0.  0.]]
INFO: __main__: [[ 1.]
 [ 1.]
 [ 0.]
 [ 0.]]
INFO: __main__: Theta: 0
INFO: __main__: [[-2.13  4.52  4.53]
 [ 4.85 -3.25 -3.25]]
INFO: __main__: Theta: 1
INFO: __main__: [[ 0.53 -2.84  0.32]
 [-0.96  3.64 -0.71]
 [ 2.13  0.88 -6.81]
 [ 1.15 -4.83  0.84]]
INFO: __main__: Theta: 2
INFO: __main__: [[ 0.85 -0.59  3.   -7.15 -1.31]
 [-1.36  2.67 -2.82  4.34  4.82]]
INFO: __main__: Theta: 3
INFO: __main__: [[ -2.95  12.72 -12.93]]
INFO: __main__: i: 2999 - cost:      0
INFO: __main__: i: 2999 - cost test: 0
INFO: __main__: Given X:
INFO: __main__: Actual Y, Predicted Y:
INFO: __main__: (array([1]), array([ 1.]))
INFO: __main__: (array([1]), array([ 1.]))
INFO: __main__: (array([0]), array([ 0.]))
INFO: __main__: (array([0]), array([ 0.]))
INFO: __main__: CE on Test Set
INFO: __main__: 0.000173359728801
INFO: __main__: ==========Experiment Number 3==========
INFO: __main__: Program Parameters: Namespace(epochs=3000, experiment_number='3', hidden_layers=[['2'], ['4'], ['2']], learning_penalty=0.5, learning_rate=0.5, learning_reward=1.05, momentum_rate=0.1, reg_term=1e-05, test_type='x')
INFO: __main__: ====RUNNING XOR TEST====
INFO: __main__: Training Data: X & Y
INFO: __main__: [[ 1.  0.]
 [ 0.  1.]
 [ 1.  1.]
 [ 0.  0.]]
INFO: __main__: [[ 1.]
 [ 1.]
 [ 0.]
 [ 0.]]
INFO: __main__: Theta: 0
INFO: __main__: [[ 2.29  4.09 -3.98]
 [ 3.25 -5.19  5.08]]
INFO: __main__: Theta: 1
INFO: __main__: [[-0.43  0.25  0.8 ]
 [-2.92  1.94  1.96]
 [-5.98  4.89  3.26]
 [-2.87  0.52  4.37]]
INFO: __main__: Theta: 2
INFO: __main__: [[-4.08 -0.52  1.36  4.98  1.69]
 [ 6.52 -0.12 -2.08 -6.34 -2.86]]
INFO: __main__: Theta: 3
INFO: __main__: [[ -1.52  -8.41  11.51]]
INFO: __main__: i: 2999 - cost:      0
INFO: __main__: i: 2999 - cost test: 0
INFO: __main__: Given X:
INFO: __main__: 
[[1 0]
 [0 1]
 [1 1]
 [0 0]]
INFO: __main__: Actual Y, Predicted Y:
INFO: __main__: (array([1]), array([ 1.]))
INFO: __main__: (array([1]), array([ 1.]))
INFO: __main__: (array([0]), array([ 0.]))
INFO: __main__: (array([0]), array([ 0.]))
INFO: __main__: CE on Test Set
INFO: __main__: 0.000247077102542
INFO: __main__: ==========Experiment Number 3==========
INFO: __main__: Program Parameters: Namespace(epochs=3000, experiment_number='3', hidden_layers=[['2'], ['4'], ['2']], learning_penalty=0.5, learning_rate=0.5, learning_reward=1.05, momentum_rate=0.1, reg_term=1e-05, test_type='x')
INFO: __main__: ====RUNNING XOR TEST====
INFO: __main__: Training Data: X & Y
INFO: __main__: [[ 1.  0.]
 [ 0.  1.]
 [ 1.  1.]
 [ 0.  0.]]
INFO: __main__: [[ 1.]
 [ 1.]
 [ 0.]
 [ 0.]]
INFO: __main__: Theta: 0
INFO: __main__: 
[[-2.23  4.71  4.7 ]
 [ 5.37 -3.46 -3.46]]
INFO: __main__: Theta: 1
INFO: __main__: 
[[ 3.48 -1.1  -4.91]
 [-0.91  0.27  2.39]
 [ 3.04 -2.02 -2.55]
 [ 1.74 -5.67  0.83]]
INFO: __main__: Theta: 2
INFO: __main__: 
[[-2.75  5.67 -3.22  3.83  6.  ]
 [-1.49  2.73 -1.47  1.93  3.01]]
INFO: __main__: Theta: 3
INFO: __main__: 
[[  9.27 -14.26  -4.58]]
INFO: __main__: i: 2999 - cost:      0
INFO: __main__: i: 2999 - cost test: 0
INFO: __main__: Given X:
INFO: __main__: 
[[1 0]
 [0 1]
 [1 1]
 [0 0]]
INFO: __main__: Actual Y, Predicted Y:
INFO: __main__: (array([1]), array([ 1.]))
INFO: __main__: (array([1]), array([ 1.]))
INFO: __main__: (array([0]), array([ 0.]))
INFO: __main__: (array([0]), array([ 0.]))
INFO: __main__: CE on Test Set
INFO: __main__: 0.00032738185411
INFO: __main__: ==========Experiment Number 3==========
INFO: __main__: Program Parameters: Namespace(epochs=3000, experiment_number='3', hidden_layers=[['2'], ['4'], ['2']], learning_penalty=0.5, learning_rate=0.5, learning_reward=1.05, momentum_rate=0.1, reg_term=1e-05, test_type='x')
INFO: __main__: ====RUNNING XOR TEST====
INFO: __main__: Training Data: X & Y
INFO: __main__: [[ 1.  0.]
 [ 0.  1.]
 [ 1.  1.]
 [ 0.  0.]]
INFO: __main__: [[ 1.]
 [ 1.]
 [ 0.]
 [ 0.]]
INFO: __main__: Theta: 0
INFO: __main__: 
[[-2.54 -4.55  4.29]
 [ 2.1   3.46 -3.27]]
INFO: __main__: Theta: 1
INFO: __main__: 
[[-0.97  4.35 -3.25]
 [-0.22  0.05 -0.37]
 [ 0.75 -1.68  1.43]
 [ 0.87 -4.07  3.16]]
INFO: __main__: Theta: 2
INFO: __main__: 
[[-0.13  5.29 -0.12 -2.4  -5.47]
 [ 1.24 -1.22  0.64  0.71  1.28]]
INFO: __main__: Theta: 3
INFO: __main__: 
[[-0.7   8.16  0.01]]
INFO: __main__: i: 2999 - cost:      0
INFO: __main__: i: 2999 - cost test: 0
INFO: __main__: Given X:
INFO: __main__: 
[[1 0]
 [0 1]
 [1 1]
 [0 0]]
INFO: __main__: Actual Y, Predicted Y:
INFO: __main__: (array([1]), array([ 0.334]))
INFO: __main__: (array([1]), array([ 0.999]))
INFO: __main__: (array([0]), array([ 0.334]))
INFO: __main__: (array([0]), array([ 0.334]))
INFO: __main__: CE on Test Set
INFO: __main__: 0.47776154715
INFO: __main__: ==========Experiment Number 3==========
INFO: __main__: Program Parameters: Namespace(epochs=3000, experiment_number='3', hidden_layers=[['2'], ['4'], ['2']], learning_penalty=0.5, learning_rate=0.5, learning_reward=1.05, momentum_rate=0.1, reg_term=1e-05, test_type='x')
INFO: __main__: ====RUNNING XOR TEST====
INFO: __main__: Training Data: X & Y
INFO: __main__: 
[[ 1.  0.]
 [ 0.  1.]
 [ 1.  1.]
 [ 0.  0.]]
INFO: __main__: 
[[ 1.]
 [ 1.]
 [ 0.]
 [ 0.]]
INFO: __main__: Theta: 0
INFO: __main__: 
[[-1.85  4.41  4.42]
 [-5.43  3.39  3.39]]
INFO: __main__: Theta: 1
INFO: __main__: 
[[ 1.35 -3.39  4.01]
 [ 2.06 -3.94  0.93]
 [-0.3   2.37 -4.2 ]
 [-0.22 -1.24  2.5 ]]
INFO: __main__: Theta: 2
INFO: __main__: 
[[-1.1   4.22  3.24 -4.29  1.39]
 [ 1.38 -3.5  -3.11  3.79 -2.34]]
INFO: __main__: Theta: 3
INFO: __main__: 
[[ 0.6  -9.97  8.96]]
INFO: __main__: i: 2999 - cost:      0
INFO: __main__: i: 2999 - cost test: 0
INFO: __main__: Given X:
INFO: __main__: 
[[1 0]
 [0 1]
 [1 1]
 [0 0]]
INFO: __main__: Actual Y, Predicted Y:
INFO: __main__: (array([1]), array([ 1.]))
INFO: __main__: (array([1]), array([ 1.]))
INFO: __main__: (array([0]), array([ 0.]))
INFO: __main__: (array([0]), array([ 0.]))
INFO: __main__: CE on Test Set
INFO: __main__: 0.000251120951094
2015-03-31 18:52:55,257 - __main__ - INFO - ==========Experiment Number 3==========
2015-03-31 18:52:55,257 - __main__ - INFO - Program Parameters: Namespace(epochs=3000, experiment_number='3', hidden_layers=[['2'], ['4'], ['2']], learning_penalty=0.5, learning_rate=0.5, learning_reward=1.05, momentum_rate=0.1, reg_term=1e-05, test_type='x')
2015-03-31 18:52:55,257 - __main__ - INFO - ====RUNNING XOR TEST====
2015-03-31 18:52:55,257 - __main__ - INFO - Training Data: X & Y
2015-03-31 18:52:55,258 - __main__ - INFO - 
[[ 1.  0.]
 [ 0.  1.]
 [ 1.  1.]
 [ 0.  0.]]
2015-03-31 18:52:55,258 - __main__ - INFO - 
[[ 1.]
 [ 1.]
 [ 0.]
 [ 0.]]
2015-03-31 18:52:55,837 - __main__ - INFO - Theta: 0
2015-03-31 18:52:55,837 - __main__ - INFO - 
[[ 4.65 -3.1  -3.11]
 [ 1.78 -5.06 -5.08]]
2015-03-31 18:52:55,837 - __main__ - INFO - Theta: 1
2015-03-31 18:52:55,838 - __main__ - INFO - 
[[-0.4   1.3  -1.52]
 [ 0.78 -2.17  2.3 ]
 [ 1.19 -2.87  2.9 ]
 [-2.14  4.71 -4.74]]
2015-03-31 18:52:55,838 - __main__ - INFO - Theta: 2
2015-03-31 18:52:55,838 - __main__ - INFO - 
[[-0.83  1.5  -3.16 -3.31  5.75]
 [ 0.68 -1.24  1.84  3.27 -4.61]]
2015-03-31 18:52:55,838 - __main__ - INFO - Theta: 3
2015-03-31 18:52:55,839 - __main__ - INFO - 
[[ -1.13  10.08  -7.81]]
2015-03-31 18:52:55,839 - __main__ - INFO - i: 2999 - cost:      0
2015-03-31 18:52:55,839 - __main__ - INFO - i: 2999 - cost test: 0
2015-03-31 18:52:55,839 - __main__ - INFO - Given X:
2015-03-31 18:52:55,840 - __main__ - INFO - 
[[1 0]
 [0 1]
 [1 1]
 [0 0]]
2015-03-31 18:52:55,840 - __main__ - INFO - Actual Y, Predicted Y:
2015-03-31 18:52:55,840 - __main__ - INFO - (array([1]), array([ 1.]))
2015-03-31 18:52:55,841 - __main__ - INFO - (array([1]), array([ 1.]))
2015-03-31 18:52:55,841 - __main__ - INFO - (array([0]), array([ 0.]))
2015-03-31 18:52:55,842 - __main__ - INFO - (array([0]), array([ 0.]))
2015-03-31 18:52:55,843 - __main__ - INFO - CE on Test Set
2015-03-31 18:52:55,843 - __main__ - INFO - 0.000332293162611
